<?xml version="1.0" encoding="UTF-8"?>
<!-- Generated by org.testng.reporters.JUnitXMLReporter -->
<testsuite ignored="0" hostname="LTIN519575" failures="1" tests="20" name="chrometest" time="10.583" errors="0" timestamp="2025-01-15T18:09:14 IST">
  <testcase classname="Hackathon.NewTest" name="initializePages" time="0.08"/>
  <testcase classname="Hackathon.NewTest" name="openWebsite" time="3.473"/>
  <testcase classname="Hackathon.NewTest" name="locateSearchBox" time="0.085">
    <failure type="org.openqa.selenium.NoSuchElementException" message="no such element: Unable to locate element: {&amp;quot;method&amp;quot;:&amp;quot;css selector&amp;quot;,&amp;quot;selector&amp;quot;:&amp;quot;#search\-autocomplete\-input&amp;quot;}
  (Session info: chrome=130.0.6723.117)
For documentation on this error, please visit: https://www.selenium.dev/documentation/webdriver/troubleshooting/errors#no-such-element-exception
Build info: version: &amp;apos;4.27.0&amp;apos;, revision: &amp;apos;d6e718d134&amp;apos;
System info: os.name: &amp;apos;Windows 11&amp;apos;, os.arch: &amp;apos;amd64&amp;apos;, os.version: &amp;apos;10.0&amp;apos;, java.version: &amp;apos;21&amp;apos;
Driver info: org.openqa.selenium.chrome.ChromeDriver
Command: [0bdbdff8d187de23edaa21a73969be18, findElement {using=id, value=search-autocomplete-input}]
Capabilities {acceptInsecureCerts: false, browserName: chrome, browserVersion: 130.0.6723.117, chrome: {chromedriverVersion: 130.0.6723.116 (6ac35f94ae3..., userDataDir: C:\windows\SystemTemp\scope...}, fedcm:accounts: true, goog:chromeOptions: {debuggerAddress: localhost:52840}, networkConnectionEnabled: false, pageLoadStrategy: normal, platformName: windows, proxy: Proxy(), se:cdp: ws://localhost:52840/devtoo..., se:cdpVersion: 130.0.6723.117, setWindowRect: true, strictFileInteractability: false, timeouts: {implicit: 0, pageLoad: 300000, script: 30000}, unhandledPromptBehavior: dismiss and notify, webauthn:extension:credBlob: true, webauthn:extension:largeBlob: true, webauthn:extension:minPinLength: true, webauthn:extension:prf: true, webauthn:virtualAuthenticators: true}
Session ID: 0bdbdff8d187de23edaa21a73969be18">
      <![CDATA[org.openqa.selenium.NoSuchElementException: no such element: Unable to locate element: {"method":"css selector","selector":"#search\-autocomplete\-input"}
  (Session info: chrome=130.0.6723.117)
For documentation on this error, please visit: https://www.selenium.dev/documentation/webdriver/troubleshooting/errors#no-such-element-exception
Build info: version: '4.27.0', revision: 'd6e718d134'
System info: os.name: 'Windows 11', os.arch: 'amd64', os.version: '10.0', java.version: '21'
Driver info: org.openqa.selenium.chrome.ChromeDriver
Command: [0bdbdff8d187de23edaa21a73969be18, findElement {using=id, value=search-autocomplete-input}]
Capabilities {acceptInsecureCerts: false, browserName: chrome, browserVersion: 130.0.6723.117, chrome: {chromedriverVersion: 130.0.6723.116 (6ac35f94ae3..., userDataDir: C:\windows\SystemTemp\scope...}, fedcm:accounts: true, goog:chromeOptions: {debuggerAddress: localhost:52840}, networkConnectionEnabled: false, pageLoadStrategy: normal, platformName: windows, proxy: Proxy(), se:cdp: ws://localhost:52840/devtoo..., se:cdpVersion: 130.0.6723.117, setWindowRect: true, strictFileInteractability: false, timeouts: {implicit: 0, pageLoad: 300000, script: 30000}, unhandledPromptBehavior: dismiss and notify, webauthn:extension:credBlob: true, webauthn:extension:largeBlob: true, webauthn:extension:minPinLength: true, webauthn:extension:prf: true, webauthn:virtualAuthenticators: true}
Session ID: 0bdbdff8d187de23edaa21a73969be18
at org.openqa.selenium.remote.ErrorCodec.decode(ErrorCodec.java:167)
at org.openqa.selenium.remote.codec.w3c.W3CHttpResponseCodec.decode(W3CHttpResponseCodec.java:138)
at org.openqa.selenium.remote.codec.w3c.W3CHttpResponseCodec.decode(W3CHttpResponseCodec.java:50)
at org.openqa.selenium.remote.HttpCommandExecutor.execute(HttpCommandExecutor.java:190)
at org.openqa.selenium.remote.service.DriverCommandExecutor.invokeExecute(DriverCommandExecutor.java:216)
at org.openqa.selenium.remote.service.DriverCommandExecutor.execute(DriverCommandExecutor.java:174)
at org.openqa.selenium.remote.RemoteWebDriver.execute(RemoteWebDriver.java:545)
at org.openqa.selenium.remote.ElementLocation$ElementFinder$2.findElement(ElementLocation.java:165)
at org.openqa.selenium.remote.ElementLocation.findElement(ElementLocation.java:66)
at org.openqa.selenium.remote.RemoteWebDriver.findElement(RemoteWebDriver.java:368)
at org.openqa.selenium.remote.RemoteWebDriver.findElement(RemoteWebDriver.java:362)
at Pages.HomePage.isSearchBoxVisible(HomePage.java:39)
at Hackathon.NewTest.locateSearchBox(NewTest.java:67)
at java.base/java.util.ArrayList.forEach(ArrayList.java:1596)
at java.base/java.util.concurrent.FutureTask.run(FutureTask.java:317)
at java.base/java.util.concurrent.ThreadPoolExecutor.runWorker(ThreadPoolExecutor.java:1144)
at java.base/java.util.concurrent.ThreadPoolExecutor$Worker.run(ThreadPoolExecutor.java:642)
at java.base/java.lang.Thread.run(Thread.java:1583)
... Removed 18 stack frames]]>
    </failure>
  </testcase> <!-- locateSearchBox -->
  <testcase classname="Hackathon.NewTest" name="autoSuggestion" time="0.0">
    <skipped/>
  </testcase> <!-- autoSuggestion -->
  <testcase classname="Hackathon.NewTest" name="courseLanguageSelection" time="0.001">
    <skipped/>
  </testcase> <!-- courseLanguageSelection -->
  <testcase classname="Hackathon.NewTest" name="courseLevelSelection" time="0.0">
    <skipped/>
  </testcase> <!-- courseLevelSelection -->
  <testcase classname="Hackathon.NewTest" name="displayFirstCourseDetails" time="0.001">
    <skipped/>
  </testcase> <!-- displayFirstCourseDetails -->
  <testcase classname="Hackathon.NewTest" name="displaySecondCourseDetails" time="0.0">
    <skipped/>
  </testcase> <!-- displaySecondCourseDetails -->
  <testcase classname="Hackathon.NewTest" name="displayListOfLanguages" time="0.001">
    <skipped/>
  </testcase> <!-- displayListOfLanguages -->
  <testcase classname="Hackathon.NewTest" name="displayListOfLevel" time="0.001">
    <skipped/>
  </testcase> <!-- displayListOfLevel -->
  <testcase classname="Hackathon.NewTest" name="newTabSwitch" time="0.0">
    <skipped/>
  </testcase> <!-- newTabSwitch -->
  <testcase classname="Hackathon.NewTest" name="navigateBackToHome" time="0.0">
    <skipped/>
  </testcase> <!-- navigateBackToHome -->
  <testcase classname="Hackathon.NewTest" name="locateForEnterprise" time="0.0">
    <skipped/>
  </testcase> <!-- locateForEnterprise -->
  <testcase classname="Hackathon.NewTest" name="locateCourseForCampus" time="0.0">
    <skipped/>
  </testcase> <!-- locateCourseForCampus -->
  <testcase classname="Hackathon.NewTest" name="locateForm" time="0.0">
    <skipped/>
  </testcase> <!-- locateForm -->
  <testcase classname="Hackathon.NewTest" name="errorOnInvalidEmail" time="0.001">
    <skipped/>
  </testcase> <!-- errorOnInvalidEmail -->
  <testcase classname="Hackathon.NewTest" name="errorOnInvalidMobile" time="0.0">
    <skipped/>
  </testcase> <!-- errorOnInvalidMobile -->
  <testcase classname="Hackathon.NewTest" name="errorOnBlankFields" time="0.0">
    <skipped/>
  </testcase> <!-- errorOnBlankFields -->
  <testcase classname="Hackathon.NewTest" name="locateStateOnSelectingIndia" time="0.001">
    <skipped/>
  </testcase> <!-- locateStateOnSelectingIndia -->
  <testcase classname="Hackathon.NewTest" name="submitFormVerification" time="0.0">
    <skipped/>
  </testcase> <!-- submitFormVerification -->
</testsuite> <!-- chrometest -->
