<?xml version="1.0" encoding="UTF-8"?>
<!-- Generated by org.testng.reporters.JUnitReportReporter -->
<testsuite hostname="LTIN519575" failures="0" tests="20" name="Hackathon.NewTest" time="3.644" errors="1" timestamp="2025-01-15T18:09:15 IST" skipped="17">
  <testcase classname="Hackathon.NewTest" name="initializePages" time="0.080"/>
  <testcase classname="Hackathon.NewTest" name="openWebsite" time="3.473"/>
  <testcase classname="Hackathon.NewTest" name="locateSearchBox" time="0.085">
    <error message="no such element: Unable to locate element: {&quot;method&quot;:&quot;css selector&quot;,&quot;selector&quot;:&quot;#search\-autocomplete\-input&quot;}
  (Session info: chrome=130.0.6723.117)
For documentation on this error, please visit: https://www.selenium.dev/documentation/webdriver/troubleshooting/errors#no-such-element-exception
Build info: version: &#039;4.27.0&#039;, revision: &#039;d6e718d134&#039;
System info: os.name: &#039;Windows 11&#039;, os.arch: &#039;amd64&#039;, os.version: &#039;10.0&#039;, java.version: &#039;21&#039;
Driver info: org.openqa.selenium.chrome.ChromeDriver
Command: [0bdbdff8d187de23edaa21a73969be18, findElement {using=id, value=search-autocomplete-input}]
Capabilities {acceptInsecureCerts: false, browserName: chrome, browserVersion: 130.0.6723.117, chrome: {chromedriverVersion: 130.0.6723.116 (6ac35f94ae3..., userDataDir: C:\windows\SystemTemp\scope...}, fedcm:accounts: true, goog:chromeOptions: {debuggerAddress: localhost:52840}, networkConnectionEnabled: false, pageLoadStrategy: normal, platformName: windows, proxy: Proxy(), se:cdp: ws://localhost:52840/devtoo..., se:cdpVersion: 130.0.6723.117, setWindowRect: true, strictFileInteractability: false, timeouts: {implicit: 0, pageLoad: 300000, script: 30000}, unhandledPromptBehavior: dismiss and notify, webauthn:extension:credBlob: true, webauthn:extension:largeBlob: true, webauthn:extension:minPinLength: true, webauthn:extension:prf: true, webauthn:virtualAuthenticators: true}
Session ID: 0bdbdff8d187de23edaa21a73969be18" type="org.openqa.selenium.NoSuchElementException">
      <![CDATA[org.openqa.selenium.NoSuchElementException: no such element: Unable to locate element: {"method":"css selector","selector":"#search\-autocomplete\-input"}
  (Session info: chrome=130.0.6723.117)
For documentation on this error, please visit: https://www.selenium.dev/documentation/webdriver/troubleshooting/errors#no-such-element-exception
Build info: version: '4.27.0', revision: 'd6e718d134'
System info: os.name: 'Windows 11', os.arch: 'amd64', os.version: '10.0', java.version: '21'
Driver info: org.openqa.selenium.chrome.ChromeDriver
Command: [0bdbdff8d187de23edaa21a73969be18, findElement {using=id, value=search-autocomplete-input}]
Capabilities {acceptInsecureCerts: false, browserName: chrome, browserVersion: 130.0.6723.117, chrome: {chromedriverVersion: 130.0.6723.116 (6ac35f94ae3..., userDataDir: C:\windows\SystemTemp\scope...}, fedcm:accounts: true, goog:chromeOptions: {debuggerAddress: localhost:52840}, networkConnectionEnabled: false, pageLoadStrategy: normal, platformName: windows, proxy: Proxy(), se:cdp: ws://localhost:52840/devtoo..., se:cdpVersion: 130.0.6723.117, setWindowRect: true, strictFileInteractability: false, timeouts: {implicit: 0, pageLoad: 300000, script: 30000}, unhandledPromptBehavior: dismiss and notify, webauthn:extension:credBlob: true, webauthn:extension:largeBlob: true, webauthn:extension:minPinLength: true, webauthn:extension:prf: true, webauthn:virtualAuthenticators: true}
Session ID: 0bdbdff8d187de23edaa21a73969be18
at java.base/jdk.internal.reflect.DirectConstructorHandleAccessor.newInstance(DirectConstructorHandleAccessor.java:62)
at java.base/java.lang.reflect.Constructor.newInstanceWithCaller(Constructor.java:502)
at java.base/java.lang.reflect.Constructor.newInstance(Constructor.java:486)
at org.openqa.selenium.remote.ErrorCodec.decode(ErrorCodec.java:167)
at org.openqa.selenium.remote.codec.w3c.W3CHttpResponseCodec.decode(W3CHttpResponseCodec.java:138)
at org.openqa.selenium.remote.codec.w3c.W3CHttpResponseCodec.decode(W3CHttpResponseCodec.java:50)
at org.openqa.selenium.remote.HttpCommandExecutor.execute(HttpCommandExecutor.java:190)
at org.openqa.selenium.remote.service.DriverCommandExecutor.invokeExecute(DriverCommandExecutor.java:216)
at org.openqa.selenium.remote.service.DriverCommandExecutor.execute(DriverCommandExecutor.java:174)
at org.openqa.selenium.remote.RemoteWebDriver.execute(RemoteWebDriver.java:545)
at org.openqa.selenium.remote.ElementLocation$ElementFinder$2.findElement(ElementLocation.java:165)
at org.openqa.selenium.remote.ElementLocation.findElement(ElementLocation.java:66)
at org.openqa.selenium.remote.RemoteWebDriver.findElement(RemoteWebDriver.java:368)
at org.openqa.selenium.remote.RemoteWebDriver.findElement(RemoteWebDriver.java:362)
at Pages.HomePage.isSearchBoxVisible(HomePage.java:39)
at Hackathon.NewTest.locateSearchBox(NewTest.java:67)
at java.base/jdk.internal.reflect.DirectMethodHandleAccessor.invoke(DirectMethodHandleAccessor.java:103)
at java.base/java.lang.reflect.Method.invoke(Method.java:580)
at org.testng.internal.invokers.MethodInvocationHelper.invokeMethod(MethodInvocationHelper.java:139)
at org.testng.internal.invokers.TestInvoker.invokeMethod(TestInvoker.java:664)
at org.testng.internal.invokers.TestInvoker.invokeTestMethod(TestInvoker.java:228)
at org.testng.internal.invokers.MethodRunner.runInSequence(MethodRunner.java:63)
at org.testng.internal.invokers.TestInvoker$MethodInvocationAgent.invoke(TestInvoker.java:961)
at org.testng.internal.invokers.TestInvoker.invokeTestMethods(TestInvoker.java:201)
at org.testng.internal.invokers.TestMethodWorker.invokeTestMethods(TestMethodWorker.java:148)
at org.testng.internal.invokers.TestMethodWorker.run(TestMethodWorker.java:128)
at java.base/java.util.ArrayList.forEach(ArrayList.java:1596)
at org.testng.TestRunner.privateRun(TestRunner.java:819)
at org.testng.TestRunner.run(TestRunner.java:619)
at org.testng.SuiteRunner.runTest(SuiteRunner.java:443)
at org.testng.SuiteRunner$SuiteWorker.run(SuiteRunner.java:481)
at org.testng.internal.thread.ThreadUtil.lambda$execute$0(ThreadUtil.java:58)
at java.base/java.util.concurrent.FutureTask.run(FutureTask.java:317)
at java.base/java.util.concurrent.ThreadPoolExecutor.runWorker(ThreadPoolExecutor.java:1144)
at java.base/java.util.concurrent.ThreadPoolExecutor$Worker.run(ThreadPoolExecutor.java:642)
at java.base/java.lang.Thread.run(Thread.java:1583)
]]>
    </error>
  </testcase> <!-- locateSearchBox -->
  <testcase classname="Hackathon.NewTest" name="autoSuggestion" time="0.000">
    <skipped/>
  </testcase> <!-- autoSuggestion -->
  <testcase classname="Hackathon.NewTest" name="courseLanguageSelection" time="0.001">
    <skipped/>
  </testcase> <!-- courseLanguageSelection -->
  <testcase classname="Hackathon.NewTest" name="courseLevelSelection" time="0.000">
    <skipped/>
  </testcase> <!-- courseLevelSelection -->
  <testcase classname="Hackathon.NewTest" name="displayFirstCourseDetails" time="0.001">
    <skipped/>
  </testcase> <!-- displayFirstCourseDetails -->
  <testcase classname="Hackathon.NewTest" name="displaySecondCourseDetails" time="0.000">
    <skipped/>
  </testcase> <!-- displaySecondCourseDetails -->
  <testcase classname="Hackathon.NewTest" name="displayListOfLanguages" time="0.001">
    <skipped/>
  </testcase> <!-- displayListOfLanguages -->
  <testcase classname="Hackathon.NewTest" name="displayListOfLevel" time="0.001">
    <skipped/>
  </testcase> <!-- displayListOfLevel -->
  <testcase classname="Hackathon.NewTest" name="newTabSwitch" time="0.000">
    <skipped/>
  </testcase> <!-- newTabSwitch -->
  <testcase classname="Hackathon.NewTest" name="navigateBackToHome" time="0.000">
    <skipped/>
  </testcase> <!-- navigateBackToHome -->
  <testcase classname="Hackathon.NewTest" name="locateForEnterprise" time="0.000">
    <skipped/>
  </testcase> <!-- locateForEnterprise -->
  <testcase classname="Hackathon.NewTest" name="locateCourseForCampus" time="0.000">
    <skipped/>
  </testcase> <!-- locateCourseForCampus -->
  <testcase classname="Hackathon.NewTest" name="locateForm" time="0.000">
    <skipped/>
  </testcase> <!-- locateForm -->
  <testcase classname="Hackathon.NewTest" name="errorOnInvalidEmail" time="0.001">
    <skipped/>
  </testcase> <!-- errorOnInvalidEmail -->
  <testcase classname="Hackathon.NewTest" name="errorOnInvalidMobile" time="0.000">
    <skipped/>
  </testcase> <!-- errorOnInvalidMobile -->
  <testcase classname="Hackathon.NewTest" name="errorOnBlankFields" time="0.000">
    <skipped/>
  </testcase> <!-- errorOnBlankFields -->
  <testcase classname="Hackathon.NewTest" name="locateStateOnSelectingIndia" time="0.001">
    <skipped/>
  </testcase> <!-- locateStateOnSelectingIndia -->
  <testcase classname="Hackathon.NewTest" name="submitFormVerification" time="0.000">
    <skipped/>
  </testcase> <!-- submitFormVerification -->
</testsuite> <!-- Hackathon.NewTest -->
